Using pre-set license
Built from '2021.3/staging' branch; Version is '2021.3.4f1 (cb45f9cae8b7) revision 13321721'; Using compiler version '192829333'; Build Type 'Release'
OS: 'Windows 10  (10.0.19044) 64bit Professional' Language: 'en' Physical Memory: 32530 MB
BatchMode: 1, IsHumanControllingUs: 0, StartBugReporterOnCrash: 0, Is64bit: 1, IsPro: 1

COMMAND LINE ARGUMENTS:
C:\Program Files\Unity\Hub\Editor\2021.3.4f1\Editor\Unity.exe
-adb2
-batchMode
-noUpm
-name
AssetImportWorker1
-projectPath
C:/Users/Meteor/Documents/Unity Project/AugCoachMainBuild
-logFile
Logs/AssetImportWorker1.log
-srvPort
58049
Successfully changed project path to: C:/Users/Meteor/Documents/Unity Project/AugCoachMainBuild
C:/Users/Meteor/Documents/Unity Project/AugCoachMainBuild
[UnityMemory] Configuration Parameters - Can be set up in boot.config
    "memorysetup-bucket-allocator-granularity=16"
    "memorysetup-bucket-allocator-bucket-count=8"
    "memorysetup-bucket-allocator-block-size=33554432"
    "memorysetup-bucket-allocator-block-count=8"
    "memorysetup-main-allocator-block-size=16777216"
    "memorysetup-thread-allocator-block-size=16777216"
    "memorysetup-gfx-main-allocator-block-size=16777216"
    "memorysetup-gfx-thread-allocator-block-size=16777216"
    "memorysetup-cache-allocator-block-size=4194304"
    "memorysetup-typetree-allocator-block-size=2097152"
    "memorysetup-profiler-bucket-allocator-granularity=16"
    "memorysetup-profiler-bucket-allocator-bucket-count=8"
    "memorysetup-profiler-bucket-allocator-block-size=33554432"
    "memorysetup-profiler-bucket-allocator-block-count=8"
    "memorysetup-profiler-allocator-block-size=16777216"
    "memorysetup-profiler-editor-allocator-block-size=1048576"
    "memorysetup-temp-allocator-size-main=16777216"
    "memorysetup-job-temp-allocator-block-size=2097152"
    "memorysetup-job-temp-allocator-block-size-background=1048576"
    "memorysetup-job-temp-allocator-reduction-small-platforms=262144"
    "memorysetup-temp-allocator-size-background-worker=32768"
    "memorysetup-temp-allocator-size-job-worker=262144"
    "memorysetup-temp-allocator-size-preload-manager=33554432"
    "memorysetup-temp-allocator-size-nav-mesh-worker=65536"
    "memorysetup-temp-allocator-size-audio-worker=65536"
    "memorysetup-temp-allocator-size-cloud-worker=32768"
    "memorysetup-temp-allocator-size-gi-baking-worker=262144"
    "memorysetup-temp-allocator-size-gfx=262144"
Refreshing native plugins compatible for Editor in 176.08 ms, found 24 plugins.
Preloading 2 native plugins for Editor in 4.77 ms.
Initialize engine version: 2021.3.4f1 (cb45f9cae8b7)
[Subsystems] Discovering subsystems at path C:/Program Files/Unity/Hub/Editor/2021.3.4f1/Editor/Data/Resources/UnitySubsystems
[Subsystems] Discovering subsystems at path C:/Users/Meteor/Documents/Unity Project/AugCoachMainBuild/Assets
GfxDevice: creating device client; threaded=0; jobified=0
Direct3D:
    Version:  Direct3D 11.0 [level 11.1]
    Renderer: NVIDIA GeForce RTX 3080 Laptop GPU (ID=0x24dc)
    Vendor:   NVIDIA
    VRAM:     8031 MB
    Driver:   31.0.15.2737
Initialize mono
Mono path[0] = 'C:/Program Files/Unity/Hub/Editor/2021.3.4f1/Editor/Data/Managed'
Mono path[1] = 'C:/Program Files/Unity/Hub/Editor/2021.3.4f1/Editor/Data/MonoBleedingEdge/lib/mono/unityjit-win32'
Mono config path = 'C:/Program Files/Unity/Hub/Editor/2021.3.4f1/Editor/Data/MonoBleedingEdge/etc'
Using monoOptions --debugger-agent=transport=dt_socket,embedding=1,server=y,suspend=n,address=127.0.0.1:56636
Begin MonoManager ReloadAssembly
Registering precompiled unity dll's ...
Register platform support module: C:/Program Files/Unity/Hub/Editor/2021.3.4f1/Editor/Data/PlaybackEngines/WebGLSupport/UnityEditor.WebGL.Extensions.dll
Register platform support module: C:/Program Files/Unity/Hub/Editor/2021.3.4f1/Editor/Data/PlaybackEngines/AndroidPlayer/UnityEditor.Android.Extensions.dll
Register platform support module: C:/Program Files/Unity/Hub/Editor/2021.3.4f1/Editor/Data/PlaybackEngines/iOSSupport/UnityEditor.iOS.Extensions.dll
Register platform support module: C:/Program Files/Unity/Hub/Editor/2021.3.4f1/Editor/Data/PlaybackEngines/WindowsStandaloneSupport/UnityEditor.WindowsStandalone.Extensions.dll
Register platform support module: C:/Program Files/Unity/Hub/Editor/2021.3.4f1/Editor/Data/PlaybackEngines/MetroSupport/UnityEditor.UWP.Extensions.dll
Registered in 0.015704 seconds.
Native extension for UWP target not found
Native extension for WindowsStandalone target not found
[usbmuxd] Start listen thread
[usbmuxd] Listen thread started
Native extension for iOS target not found
Native extension for Android target not found
Native extension for WebGL target not found
Refreshing native plugins compatible for Editor in 146.86 ms, found 24 plugins.
Preloading 2 native plugins for Editor in 0.16 ms.
Mono: successfully reloaded assembly
- Completed reload, in  0.854 seconds
Domain Reload Profiling:
	ReloadAssembly (855ms)
		BeginReloadAssembly (95ms)
			ExecutionOrderSort (0ms)
			DisableScriptedObjects (0ms)
			BackupInstance (0ms)
			ReleaseScriptingObjects (0ms)
			CreateAndSetChildDomain (1ms)
		EndReloadAssembly (625ms)
			LoadAssemblies (93ms)
			RebuildTransferFunctionScriptingTraits (0ms)
			SetupTypeCache (129ms)
			ReleaseScriptCaches (0ms)
			RebuildScriptCaches (34ms)
			SetupLoadedEditorAssemblies (386ms)
				LogAssemblyErrors (0ms)
				InitializePlatformSupportModulesInManaged (79ms)
				SetLoadedEditorAssemblies (0ms)
				RefreshPlugins (147ms)
				BeforeProcessingInitializeOnLoad (1ms)
				ProcessInitializeOnLoadAttributes (106ms)
				ProcessInitializeOnLoadMethodAttributes (52ms)
				AfterProcessingInitializeOnLoad (0ms)
				EditorAssembliesLoaded (0ms)
			ExecutionOrderSort2 (0ms)
			AwakeInstancesAfterBackupRestoration (0ms)
Platform modules already initialized, skipping
Registering precompiled user dll's ...
Registered in 0.030301 seconds.
Android Extension - Scanning For ADB Devices 1099 ms
Begin MonoManager ReloadAssembly
Symbol file LoadedFromMemory doesn't match image C:\Users\Meteor\Documents\Unity Project\AugCoachMainBuild\Library\PackageCache\com.unity.visualscripting@1.7.8\Editor\VisualScripting.Core\Dependencies\DotNetZip\Unity.VisualScripting.IonicZip.dll
Symbol file LoadedFromMemory doesn't match image C:\Users\Meteor\Documents\Unity Project\AugCoachMainBuild\Library\PackageCache\com.unity.visualscripting@1.7.8\Editor\VisualScripting.Core\Dependencies\YamlDotNet\Unity.VisualScripting.YamlDotNet.dll
Native extension for UWP target not found
Native extension for WindowsStandalone target not found
Native extension for iOS target not found
Native extension for Android target not found
Native extension for WebGL target not found
Refreshing native plugins compatible for Editor in 139.79 ms, found 24 plugins.
Preloading 2 native plugins for Editor in 0.18 ms.
Package Manager log level set to [2]
System.Reflection.TargetInvocationException: Exception has been thrown by the target of an invocation. ---> System.NullReferenceException: Object reference not set to an instance of an object
  at Unity.XR.Oculus.OculusLoader.AssetPathToAbsolutePath (System.String assetPath) [0x0003d] in C:\Users\Meteor\Documents\Unity Project\AugCoachMainBuild\Library\PackageCache\com.unity.xr.oculus@3.2.2\Runtime\OculusLoader.cs:296 
  at Unity.XR.Oculus.OculusLoader.EditorLoadOVRPlugin () [0x0007b] in C:\Users\Meteor\Documents\Unity Project\AugCoachMainBuild\Library\PackageCache\com.unity.xr.oculus@3.2.2\Runtime\OculusLoader.cs:281 
  at (wrapper managed-to-native) System.Reflection.RuntimeMethodInfo.InternalInvoke(System.Reflection.RuntimeMethodInfo,object,object[],System.Exception&)
  at System.Reflection.RuntimeMethodInfo.Invoke (System.Object obj, System.Reflection.BindingFlags invokeAttr, System.Reflection.Binder binder, System.Object[] parameters, System.Globalization.CultureInfo culture) [0x0006a] in <d4cde64232cf45659d86aafa597faa77>:0 
   --- End of inner exception stack trace ---
  at System.Reflection.RuntimeMethodInfo.Invoke (System.Object obj, System.Reflection.BindingFlags invokeAttr, System.Reflection.Binder binder, System.Object[] parameters, System.Globalization.CultureInfo culture) [0x00083] in <d4cde64232cf45659d86aafa597faa77>:0 
  at System.Reflection.MethodBase.Invoke (System.Object obj, System.Object[] parameters) [0x00000] in <d4cde64232cf45659d86aafa597faa77>:0 
  at UnityEditor.EditorAssemblies.ProcessInitializeOnLoadMethodAttributes () [0x000a5] in <36f62d8e760b48f7af5d32916f997ce1>:0 
UnityEngine.StackTraceUtility:ExtractStackTrace ()
UnityEngine.DebugLogHandler:LogFormat (UnityEngine.LogType,UnityEngine.Object,string,object[])
UnityEngine.Logger:Log (UnityEngine.LogType,object)
UnityEngine.Debug:LogError (object)
UnityEditor.EditorAssemblies:ProcessInitializeOnLoadMethodAttributes ()

Mono: successfully reloaded assembly
- Completed reload, in  1.854 seconds
Domain Reload Profiling:
	ReloadAssembly (1854ms)
		BeginReloadAssembly (136ms)
			ExecutionOrderSort (0ms)
			DisableScriptedObjects (7ms)
			BackupInstance (0ms)
			ReleaseScriptingObjects (0ms)
			CreateAndSetChildDomain (23ms)
		EndReloadAssembly (1568ms)
			LoadAssemblies (126ms)
			RebuildTransferFunctionScriptingTraits (0ms)
			SetupTypeCache (385ms)
			ReleaseScriptCaches (1ms)
			RebuildScriptCaches (75ms)
			SetupLoadedEditorAssemblies (917ms)
				LogAssemblyErrors (0ms)
				InitializePlatformSupportModulesInManaged (32ms)
				SetLoadedEditorAssemblies (0ms)
				RefreshPlugins (140ms)
				BeforeProcessingInitializeOnLoad (135ms)
				ProcessInitializeOnLoadAttributes (570ms)
				ProcessInitializeOnLoadMethodAttributes (30ms)
				AfterProcessingInitializeOnLoad (10ms)
				EditorAssembliesLoaded (0ms)
			ExecutionOrderSort2 (0ms)
			AwakeInstancesAfterBackupRestoration (8ms)
Platform modules already initialized, skipping
========================================================================
Worker process is ready to serve import requests
Launched and connected shader compiler UnityShaderCompiler.exe after 0.09 seconds
Refreshing native plugins compatible for Editor in 1.45 ms, found 24 plugins.
Preloading 2 native plugins for Editor in 0.27 ms.
Unloading 4194 Unused Serialized files (Serialized files now loaded: 0)
Unloading 105 unused Assets / (0.7 MB). Loaded Objects now: 4640.
Memory consumption went from 162.2 MB to 161.5 MB.
Total: 4.498900 ms (FindLiveObjects: 0.379900 ms CreateObjectMapping: 0.329300 ms MarkObjects: 3.492000 ms  DeleteObjects: 0.296700 ms)

AssetImportParameters requested are different than current active one (requested -> active):
  custom:video-decoder-ogg-theora: a1e56fd34408186e4bbccfd4996cb3dc -> 
  custom:container-muxer-webm: aa71ff27fc2769a1b78a27578f13a17b -> 
  custom:container-demuxer-webm: 4f35f7cbe854078d1ac9338744f61a02 -> 
  custom:video-encoder-webm-vp8: eb34c28f22e8b96e1ab97ce403110664 -> 
  custom:video-codec-MediaFoundation-h265: 746d11721c4dcdbdad8f713fa42b33f4 -> 
  custom:audio-encoder-webm-vorbis: bf7c407c2cedff20999df2af8eb42d56 -> 
  custom:framework-win-MediaFoundation: 216162199b28c13a410421893ffa2e32 -> 
  custom:container-demuxer-ogg: 62fdf1f143b41e24485cea50d1cbac27 -> 
  custom:video-decoder-webm-vp8: 9c59270c3fd7afecdb556c50c9e8de78 -> 
  custom:audio-decoder-ogg-vorbis: bf7c407c2cedff20999df2af8eb42d56 -> 
========================================================================
Received Prepare
Registering precompiled user dll's ...
Registered in 0.034688 seconds.
Begin MonoManager ReloadAssembly
Symbol file LoadedFromMemory doesn't match image C:\Users\Meteor\Documents\Unity Project\AugCoachMainBuild\Library\PackageCache\com.unity.visualscripting@1.7.8\Editor\VisualScripting.Core\Dependencies\DotNetZip\Unity.VisualScripting.IonicZip.dll
Symbol file LoadedFromMemory doesn't match image C:\Users\Meteor\Documents\Unity Project\AugCoachMainBuild\Library\PackageCache\com.unity.visualscripting@1.7.8\Editor\VisualScripting.Core\Dependencies\YamlDotNet\Unity.VisualScripting.YamlDotNet.dll
Native extension for UWP target not found
Native extension for WindowsStandalone target not found
Native extension for iOS target not found
Native extension for Android target not found
Native extension for WebGL target not found
Refreshing native plugins compatible for Editor in 1.46 ms, found 24 plugins.
Preloading 2 native plugins for Editor in 0.22 ms.
System.Reflection.TargetInvocationException: Exception has been thrown by the target of an invocation. ---> System.NullReferenceException: Object reference not set to an instance of an object
  at Unity.XR.Oculus.OculusLoader.AssetPathToAbsolutePath (System.String assetPath) [0x0003d] in C:\Users\Meteor\Documents\Unity Project\AugCoachMainBuild\Library\PackageCache\com.unity.xr.oculus@3.2.2\Runtime\OculusLoader.cs:296 
  at Unity.XR.Oculus.OculusLoader.EditorLoadOVRPlugin () [0x0007b] in C:\Users\Meteor\Documents\Unity Project\AugCoachMainBuild\Library\PackageCache\com.unity.xr.oculus@3.2.2\Runtime\OculusLoader.cs:281 
  at (wrapper managed-to-native) System.Reflection.RuntimeMethodInfo.InternalInvoke(System.Reflection.RuntimeMethodInfo,object,object[],System.Exception&)
  at System.Reflection.RuntimeMethodInfo.Invoke (System.Object obj, System.Reflection.BindingFlags invokeAttr, System.Reflection.Binder binder, System.Object[] parameters, System.Globalization.CultureInfo culture) [0x0006a] in <d4cde64232cf45659d86aafa597faa77>:0 
   --- End of inner exception stack trace ---
  at System.Reflection.RuntimeMethodInfo.Invoke (System.Object obj, System.Reflection.BindingFlags invokeAttr, System.Reflection.Binder binder, System.Object[] parameters, System.Globalization.CultureInfo culture) [0x00083] in <d4cde64232cf45659d86aafa597faa77>:0 
  at System.Reflection.MethodBase.Invoke (System.Object obj, System.Object[] parameters) [0x00000] in <d4cde64232cf45659d86aafa597faa77>:0 
  at UnityEditor.EditorAssemblies.ProcessInitializeOnLoadMethodAttributes () [0x000a5] in <36f62d8e760b48f7af5d32916f997ce1>:0 
UnityEngine.StackTraceUtility:ExtractStackTrace ()
UnityEngine.DebugLogHandler:LogFormat (UnityEngine.LogType,UnityEngine.Object,string,object[])
UnityEngine.Logger:Log (UnityEngine.LogType,object)
UnityEngine.Debug:LogError (object)
UnityEditor.EditorAssemblies:ProcessInitializeOnLoadMethodAttributes ()

Mono: successfully reloaded assembly
- Completed reload, in  1.561 seconds
Domain Reload Profiling:
	ReloadAssembly (1562ms)
		BeginReloadAssembly (157ms)
			ExecutionOrderSort (0ms)
			DisableScriptedObjects (8ms)
			BackupInstance (0ms)
			ReleaseScriptingObjects (0ms)
			CreateAndSetChildDomain (39ms)
		EndReloadAssembly (1282ms)
			LoadAssemblies (119ms)
			RebuildTransferFunctionScriptingTraits (0ms)
			SetupTypeCache (362ms)
			ReleaseScriptCaches (1ms)
			RebuildScriptCaches (46ms)
			SetupLoadedEditorAssemblies (686ms)
				LogAssemblyErrors (0ms)
				InitializePlatformSupportModulesInManaged (46ms)
				SetLoadedEditorAssemblies (1ms)
				RefreshPlugins (2ms)
				BeforeProcessingInitializeOnLoad (107ms)
				ProcessInitializeOnLoadAttributes (489ms)
				ProcessInitializeOnLoadMethodAttributes (30ms)
				AfterProcessingInitializeOnLoad (11ms)
				EditorAssembliesLoaded (0ms)
			ExecutionOrderSort2 (0ms)
			AwakeInstancesAfterBackupRestoration (8ms)
Platform modules already initialized, skipping
Refreshing native plugins compatible for Editor in 15.85 ms, found 24 plugins.
Preloading 2 native plugins for Editor in 0.21 ms.
Unloading 4129 Unused Serialized files (Serialized files now loaded: 0)
Unloading 95 unused Assets / (0.6 MB). Loaded Objects now: 4644.
Memory consumption went from 157.3 MB to 156.6 MB.
Total: 4.393100 ms (FindLiveObjects: 0.372200 ms CreateObjectMapping: 0.297200 ms MarkObjects: 3.428400 ms  DeleteObjects: 0.293400 ms)

AssetImportParameters requested are different than current active one (requested -> active):
  custom:video-decoder-ogg-theora: a1e56fd34408186e4bbccfd4996cb3dc -> 
  custom:container-muxer-webm: aa71ff27fc2769a1b78a27578f13a17b -> 
  custom:container-demuxer-webm: 4f35f7cbe854078d1ac9338744f61a02 -> 
  custom:video-encoder-webm-vp8: eb34c28f22e8b96e1ab97ce403110664 -> 
  custom:video-codec-MediaFoundation-h265: 746d11721c4dcdbdad8f713fa42b33f4 -> 
  custom:audio-encoder-webm-vorbis: bf7c407c2cedff20999df2af8eb42d56 -> 
  custom:framework-win-MediaFoundation: 216162199b28c13a410421893ffa2e32 -> 
  custom:container-demuxer-ogg: 62fdf1f143b41e24485cea50d1cbac27 -> 
  custom:video-decoder-webm-vp8: 9c59270c3fd7afecdb556c50c9e8de78 -> 
  custom:audio-decoder-ogg-vorbis: bf7c407c2cedff20999df2af8eb42d56 -> 
========================================================================
Received Import Request.
  Time since last request: 2726748.322895 seconds.
  path: Assets/ImportedSpaces/1xx8rc5a_7671671a/Materials/CircleButton 237 #CEF1F233.mat
  artifactKey: Guid(caa512c2c281bb54aa7d12cae6c79e19) Importer(815301076,1909f56bfc062723c751e8b465ee728b)
Start importing Assets/ImportedSpaces/1xx8rc5a_7671671a/Materials/CircleButton 237 #CEF1F233.mat using Guid(caa512c2c281bb54aa7d12cae6c79e19) Importer(815301076,1909f56bfc062723c751e8b465ee728b)  -> (artifact id: '75537648a52c3fbfb3a80d750c51d721') in 0.173987 seconds 
========================================================================
Received Import Request.
  Time since last request: 0.000045 seconds.
  path: Assets/ImportedSpaces/1xx8rc5a_7671671a/Materials/Cylinder 245 #4C4C4CFF.mat
  artifactKey: Guid(00e9207ef4ccc2542a23405ed445cf83) Importer(815301076,1909f56bfc062723c751e8b465ee728b)
Start importing Assets/ImportedSpaces/1xx8rc5a_7671671a/Materials/Cylinder 245 #4C4C4CFF.mat using Guid(00e9207ef4ccc2542a23405ed445cf83) Importer(815301076,1909f56bfc062723c751e8b465ee728b)  -> (artifact id: '29d1dd5229f6da5e59358f057f3dd433') in 0.017756 seconds 
========================================================================
Received Import Request.
  Time since last request: 0.000049 seconds.
  path: Assets/ImportedSpaces/1xx8rc5a_7671671a/Materials/Image 157 #FFFFFFE2 image 33.mat
  artifactKey: Guid(84a19b9e0da8de845bb857a837f25a78) Importer(815301076,1909f56bfc062723c751e8b465ee728b)
Start importing Assets/ImportedSpaces/1xx8rc5a_7671671a/Materials/Image 157 #FFFFFFE2 image 33.mat using Guid(84a19b9e0da8de845bb857a837f25a78) Importer(815301076,1909f56bfc062723c751e8b465ee728b)  -> (artifact id: '3d1ad2cf99e97dc44f1363b76a42f167') in 0.105376 seconds 
========================================================================
Received Import Request.
  Time since last request: 0.000038 seconds.
  path: Assets/ImportedSpaces/1xx8rc5a_7671671a/Materials/Image 52 #FFFFFF7F Frame 36.mat
  artifactKey: Guid(e5e8ea1f36ed7174583ce4018d14e995) Importer(815301076,1909f56bfc062723c751e8b465ee728b)
Start importing Assets/ImportedSpaces/1xx8rc5a_7671671a/Materials/Image 52 #FFFFFF7F Frame 36.mat using Guid(e5e8ea1f36ed7174583ce4018d14e995) Importer(815301076,1909f56bfc062723c751e8b465ee728b)  -> (artifact id: '4dd0c0f4a4b8eb367259d5a870fe6ea9') in 0.033222 seconds 
========================================================================
Received Import Request.
  Time since last request: 0.000023 seconds.
  path: Assets/ImportedSpaces/1xx8rc5a_7671671a/Materials/CircleButton 373 #CEF1F233.mat
  artifactKey: Guid(1e5cfba3cee04cd4ea18bc17b8f57181) Importer(815301076,1909f56bfc062723c751e8b465ee728b)
Start importing Assets/ImportedSpaces/1xx8rc5a_7671671a/Materials/CircleButton 373 #CEF1F233.mat using Guid(1e5cfba3cee04cd4ea18bc17b8f57181) Importer(815301076,1909f56bfc062723c751e8b465ee728b)  -> (artifact id: '514d7d1a3cb867bc2fb96020dfe25630') in 0.015478 seconds 
========================================================================
Received Import Request.
  Time since last request: 0.000025 seconds.
  path: Assets/ImportedSpaces/1xx8rc5a_7671671a/Materials/CircleButton 466 #CEF1F236.mat
  artifactKey: Guid(bc48e8641ffebae48885c2127e617ba2) Importer(815301076,1909f56bfc062723c751e8b465ee728b)
Start importing Assets/ImportedSpaces/1xx8rc5a_7671671a/Materials/CircleButton 466 #CEF1F236.mat using Guid(bc48e8641ffebae48885c2127e617ba2) Importer(815301076,1909f56bfc062723c751e8b465ee728b)  -> (artifact id: '04bddcacad1006d76a89dbf22d3da118') in 0.014671 seconds 
========================================================================
Received Import Request.
  Time since last request: 0.000040 seconds.
  path: Assets/ImportedSpaces/1xx8rc5a_7671671a/Materials/Cup_00 349 #CCCCCCFF.mat
  artifactKey: Guid(7bd192ad0963fe1489b16c815ec0797f) Importer(815301076,1909f56bfc062723c751e8b465ee728b)
Start importing Assets/ImportedSpaces/1xx8rc5a_7671671a/Materials/Cup_00 349 #CCCCCCFF.mat using Guid(7bd192ad0963fe1489b16c815ec0797f) Importer(815301076,1909f56bfc062723c751e8b465ee728b)  -> (artifact id: 'dd896c7073a154700253bcdbcfb631f0') in 0.026664 seconds 
========================================================================
Received Import Request.
  Time since last request: 0.000054 seconds.
  path: Assets/ImportedSpaces/1xx8rc5a_7671671a/Materials/Image 791 #FFFFFFFF Call.mat
  artifactKey: Guid(577edd1a3ee404a40870902a4b68a24e) Importer(815301076,1909f56bfc062723c751e8b465ee728b)
Start importing Assets/ImportedSpaces/1xx8rc5a_7671671a/Materials/Image 791 #FFFFFFFF Call.mat using Guid(577edd1a3ee404a40870902a4b68a24e) Importer(815301076,1909f56bfc062723c751e8b465ee728b)  -> (artifact id: '2d2390e285e61990b87c6dd7528d7c9f') in 0.041936 seconds 
========================================================================
Received Import Request.
  Time since last request: 0.000032 seconds.
  path: Assets/ImportedSpaces/1xx8rc5a_7671671a/Materials/CircleButton 1276 #E99EFFE5.mat
  artifactKey: Guid(ecf89607a36e4914caca9a3241207c60) Importer(815301076,1909f56bfc062723c751e8b465ee728b)
Start importing Assets/ImportedSpaces/1xx8rc5a_7671671a/Materials/CircleButton 1276 #E99EFFE5.mat using Guid(ecf89607a36e4914caca9a3241207c60) Importer(815301076,1909f56bfc062723c751e8b465ee728b)  -> (artifact id: '7a4b69fc458ee961884d41d845998fa8') in 0.015328 seconds 
========================================================================
Received Import Request.
  Time since last request: 0.000031 seconds.
  path: Assets/ImportedSpaces/1xx8rc5a_7671671a/Materials/CircleButton 1280 #B1BDFFE5.mat
  artifactKey: Guid(e479beb2b5833594da2afba708292396) Importer(815301076,1909f56bfc062723c751e8b465ee728b)
Start importing Assets/ImportedSpaces/1xx8rc5a_7671671a/Materials/CircleButton 1280 #B1BDFFE5.mat using Guid(e479beb2b5833594da2afba708292396) Importer(815301076,1909f56bfc062723c751e8b465ee728b)  -> (artifact id: '9568c4dc6869a2b6fb156f658e7ac00e') in 0.046025 seconds 
========================================================================
Received Import Request.
  Time since last request: 0.000034 seconds.
  path: Assets/ImportedSpaces/1xx8rc5a_7671671a/Materials/CircleButton 238 #CEF1F24E.mat
  artifactKey: Guid(34b631b05b904f549a0fc7d0320bffcd) Importer(815301076,1909f56bfc062723c751e8b465ee728b)
Start importing Assets/ImportedSpaces/1xx8rc5a_7671671a/Materials/CircleButton 238 #CEF1F24E.mat using Guid(34b631b05b904f549a0fc7d0320bffcd) Importer(815301076,1909f56bfc062723c751e8b465ee728b)  -> (artifact id: '33c4b179de99a89deeb8f0294de6bcdd') in 0.018386 seconds 
========================================================================
Received Import Request.
  Time since last request: 0.000027 seconds.
  path: Assets/ImportedSpaces/1xx8rc5a_7671671a/Materials/CircleButton 379 #CEF1F279.mat
  artifactKey: Guid(27120ca2f42c8dc4188a3377caa28508) Importer(815301076,1909f56bfc062723c751e8b465ee728b)
Start importing Assets/ImportedSpaces/1xx8rc5a_7671671a/Materials/CircleButton 379 #CEF1F279.mat using Guid(27120ca2f42c8dc4188a3377caa28508) Importer(815301076,1909f56bfc062723c751e8b465ee728b)  -> (artifact id: 'f979ee6d52b4804342b97a88159570a5') in 0.016831 seconds 
========================================================================
Received Import Request.
  Time since last request: 0.000023 seconds.
  path: Assets/ImportedSpaces/1xx8rc5a_7671671a/Materials/Image 243 #4C4C4CE4 image 22.mat
  artifactKey: Guid(d3b9497ebaedbea4d87c3268456ffdc4) Importer(815301076,1909f56bfc062723c751e8b465ee728b)
Start importing Assets/ImportedSpaces/1xx8rc5a_7671671a/Materials/Image 243 #4C4C4CE4 image 22.mat using Guid(d3b9497ebaedbea4d87c3268456ffdc4) Importer(815301076,1909f56bfc062723c751e8b465ee728b)  -> (artifact id: '2de4df06ea9cefe4a21659620ecbffae') in 0.022800 seconds 
========================================================================
Received Import Request.
  Time since last request: 0.000038 seconds.
  path: Assets/ImportedSpaces/1xx8rc5a_7671671a/Materials/Oculus 199 #E6E6E6FF.mat
  artifactKey: Guid(5928794045c5e0944b8e75b1013418e1) Importer(815301076,1909f56bfc062723c751e8b465ee728b)
Start importing Assets/ImportedSpaces/1xx8rc5a_7671671a/Materials/Oculus 199 #E6E6E6FF.mat using Guid(5928794045c5e0944b8e75b1013418e1) Importer(815301076,1909f56bfc062723c751e8b465ee728b)  -> (artifact id: '0afd942c0018e89e61f08e5a1df5a83e') in 0.015492 seconds 
========================================================================
Received Import Request.
  Time since last request: 0.000042 seconds.
  path: Assets/ImportedSpaces/1xx8rc5a_7671671a/Materials/Spherabox 845 #5DCEFFFF.mat
  artifactKey: Guid(50e20a6ce6005014599697de93791bfc) Importer(815301076,1909f56bfc062723c751e8b465ee728b)
Start importing Assets/ImportedSpaces/1xx8rc5a_7671671a/Materials/Spherabox 845 #5DCEFFFF.mat using Guid(50e20a6ce6005014599697de93791bfc) Importer(815301076,1909f56bfc062723c751e8b465ee728b)  -> (artifact id: 'f2aab1ff56c1ca4e46b4d6d9020c1549') in 0.019519 seconds 
Editor requested this worker to shutdown with reason: Scaling down because of idle timeout
AssetImportWorker is now disconnected from the server
Process exiting
Exiting without the bug reporter. Application will terminate with return code 0